\BOOKMARK [0][-]{chapter*.1}{\376\377\000L\036\335\000i\000\040\000c\000a\000m\000\040\001\021\000o\000a\000n}{}% 1
\BOOKMARK [0][-]{chapter*.2}{\376\377\000L\036\335\000i\000\040\000c\036\243\000m\000\040\001\241\000n}{}% 2
\BOOKMARK [0][-]{chapter*.3}{\376\377\000M\036\345\000c\000\040\000l\036\345\000c}{}% 3
\BOOKMARK [0][-]{chapter*.4}{\376\377\000D\000a\000n\000h\000\040\000m\036\345\000c\000\040\000h\000\354\000n\000h}{}% 4
\BOOKMARK [0][-]{chapter*.5}{\376\377\000D\000a\000n\000h\000\040\000m\036\345\000c\000\040\000b\036\243\000n\000g}{}% 5
\BOOKMARK [0][-]{chapter*.6}{\376\377\000D\000a\000n\000h\000\040\000s\000\341\000c\000h\000\040\000t\000h\000u\036\255\000t\000\040\000n\000g\036\357}{}% 6
\BOOKMARK [0][-]{chapter*.7}{\376\377\000D\000a\000n\000h\000\040\000s\000\341\000c\000h\000\040\000t\036\353\000\040\000v\000i\036\277\000t\000\040\000t\036\257\000t}{}% 7
\BOOKMARK [0][-]{chapter.1}{\376\377\000N\000g\000\364\000n\000\040\000n\000g\036\357}{}% 8
\BOOKMARK [0][-]{chapter.2}{\376\377\000T\000r\000\354\000n\000h\000\040\000b\000\340\000y\000\040\000l\000u\036\255\000n\000\040\000v\001\003\000n}{}% 9
\BOOKMARK [1][-]{section.2.1}{\376\377\000T\000i\036\303\000u\000\040\000m\036\345\000c}{chapter.2}% 10
\BOOKMARK [1][-]{section.2.2}{\376\377\000B\036\243\000n\000g\000\040\000b\000i\036\303\000u\000,\000\040\000h\000\354\000n\000h\000\040\000v\036\275\000,\000\040\000p\000h\001\260\001\241\000n\000g\000\040\000t\000r\000\354\000n\000h}{chapter.2}% 11
\BOOKMARK [1][-]{section.2.3}{\376\377\000V\000i\036\277\000t\000\040\000t\036\257\000t}{chapter.2}% 12
\BOOKMARK [1][-]{section.2.4}{\376\377\000T\000\340\000i\000\040\000l\000i\036\307\000u\000\040\000t\000h\000a\000m\000\040\000k\000h\036\243\000o\000\040\000v\000\340\000\040\000c\000\341\000c\000h\000\040\000t\000r\000\355\000c\000h\000\040\000d\036\253\000n}{chapter.2}% 13
\BOOKMARK [1][-]{section.2.5}{\376\377\000P\000h\036\345\000\040\000l\036\345\000c\000\040\000c\036\347\000a\000\040\000l\000u\036\255\000n\000\040\000v\001\003\000n}{chapter.2}% 14
\BOOKMARK [0][-]{chapter.3}{\376\377\000H\001\260\036\333\000n\000g\000\040\000d\036\253\000n\000\040\000s\036\355\000\040\000d\036\345\000n\000g\000\040\000t\000e\000m\000p\000l\000a\000t\000e}{}% 15
\BOOKMARK [1][-]{section.3.1}{\376\377\000T\000r\000\355\000c\000h\000\040\000d\036\253\000n\000\040\000t\000\340\000i\000\040\000l\000i\036\307\000u}{chapter.3}% 16
\BOOKMARK [1][-]{section.3.2}{\376\377\000C\000h\000\350\000n\000\040\000m\000\343\000\040\000n\000g\000u\036\323\000n}{chapter.3}% 17
\BOOKMARK [1][-]{section.3.3}{\376\377\000H\000\354\000n\000h\000\040\036\243\000n\000h}{chapter.3}% 18
\BOOKMARK [1][-]{section.3.4}{\376\377\000B\036\243\000n\000g\000\040\000b\000i\036\303\000u}{chapter.3}% 19
\BOOKMARK [1][-]{section.3.5}{\376\377\000C\000\364\000n\000g\000\040\000t\000h\036\351\000c}{chapter.3}% 20
\BOOKMARK [0][-]{equation.3.5.1}{\376\377\000D\000a\000n\000h\000\040\000m\036\345\000c\000\040\000c\000\364\000n\000g\000\040\000t\000r\000\354\000n\000h\000\040\000c\036\347\000a\000\040\000t\000\341\000c\000\040\000g\000i\036\243}{}% 21
\BOOKMARK [0][-]{chapter*.9}{\376\377\000T\000\340\000i\000\040\000l\000i\036\307\000u\000\040\000t\000h\000a\000m\000\040\000k\000h\036\243\000o}{}% 22
\BOOKMARK [0][-]{appendix.A}{\376\377\000N\000g\036\357\000\040\000p\000h\000\341\000p\000\040\000t\000i\036\277\000n\000g\000\040\000V\000i\036\307\000t}{}% 23
\BOOKMARK [0][-]{appendix.B}{\376\377\000N\000g\036\357\000\040\000p\000h\000\341\000p\000\040\000t\000i\036\277\000n\000g\000\040\000N\000\364\000m}{}% 24
